Log file open, 11/07/18 17:34:43
LogWindows: Failed to load 'aqProf.dll' (GetLastError=126)
LogWindows: File 'aqProf.dll' does not exist
LogWindows: Failed to load 'VSPerf140.dll' (GetLastError=126)
LogWindows: File 'VSPerf140.dll' does not exist
LogWindows: Failed to load 'VtuneApi.dll' (GetLastError=126)
LogWindows: File 'VtuneApi.dll' does not exist
LogWindows: Failed to load 'VtuneApi32e.dll' (GetLastError=126)
LogWindows: File 'VtuneApi32e.dll' does not exist
LogInit: Display: Running engine for game: XRM_plugin
LogPlatformFile: Not using cached read wrapper
LogTaskGraph: Started task graph with 5 named threads and 23 total threads with 3 sets of task threads.
LogStats: Stats thread started at 0.550783
LogD3D11RHI: Loaded GFSDK_Aftermath_Lib.x64.dll
LogICUInternationalization: Display: ICU TimeZone Detection - Raw Offset: +0:00, Platform Override: ''
LogPluginManager: Mounting plugin Paper2D
LogPluginManager: Mounting plugin AISupport
LogPluginManager: Mounting plugin LightPropagationVolume
LogPluginManager: Mounting plugin CLionSourceCodeAccess
LogPluginManager: Mounting plugin CodeLiteSourceCodeAccess
LogPluginManager: Mounting plugin GitSourceControl
LogPluginManager: Mounting plugin KDevelopSourceCodeAccess
LogPluginManager: Mounting plugin NullSourceCodeAccess
LogPluginManager: Mounting plugin PerforceSourceControl
LogPluginManager: Mounting plugin SubversionSourceControl
LogPluginManager: Mounting plugin UObjectPlugin
LogPluginManager: Mounting plugin VisualStudioCodeSourceCodeAccess
LogPluginManager: Mounting plugin VisualStudioSourceCodeAccess
LogPluginManager: Mounting plugin XCodeSourceCodeAccess
LogPluginManager: Mounting plugin AssetManagerEditor
LogPluginManager: Mounting plugin CryptoKeys
LogPluginManager: Mounting plugin DataValidation
LogPluginManager: Mounting plugin FacialAnimation
LogPluginManager: Mounting plugin GameplayTagsEditor
LogPluginManager: Mounting plugin MacGraphicsSwitching
LogPluginManager: Mounting plugin MeshEditor
LogPluginManager: Mounting plugin MobileLauncherProfileWizard
LogPluginManager: Mounting plugin PluginBrowser
LogPluginManager: Mounting plugin SpeedTreeImporter
LogPluginManager: Mounting plugin DatasmithContent
LogPluginManager: Mounting plugin AlembicImporter
LogPluginManager: Mounting plugin AppleImageUtils
LogPluginManager: Mounting plugin AppleVision
LogPluginManager: Mounting plugin BackChannel
LogPluginManager: Mounting plugin CharacterAI
LogPluginManager: Mounting plugin GeometryCache
LogPluginManager: Mounting plugin HTML5Networking
LogPluginManager: Mounting plugin ProxyLODPlugin
LogPluginManager: Mounting plugin MagicLeap
LogPluginManager: Mounting plugin MagicLeapEmulator
LogPluginManager: Mounting plugin MagicLeapMedia
LogPluginManager: Mounting plugin AndroidMedia
LogPluginManager: Mounting plugin AvfMedia
LogPluginManager: Mounting plugin ImgMedia
LogPluginManager: Mounting plugin LinearTimecode
LogPluginManager: Mounting plugin MediaCompositing
LogPluginManager: Mounting plugin MediaPlayerEditor
LogPluginManager: Mounting plugin WmfMedia
LogPluginManager: Mounting plugin TcpMessaging
LogPluginManager: Mounting plugin UdpMessaging
LogPluginManager: Mounting plugin ActorSequence
LogPluginManager: Mounting plugin LevelSequenceEditor
LogPluginManager: Mounting plugin MatineeToLevelSequence
LogPluginManager: Mounting plugin NetcodeUnitTest
LogPluginManager: Mounting plugin NUTUnrealEngine4
LogPluginManager: Mounting plugin OnlineSubsystemGooglePlay
LogPluginManager: Mounting plugin OnlineSubsystemIOS
LogPluginManager: Mounting plugin OnlineSubsystem
LogPluginManager: Mounting plugin OnlineSubsystemNull
LogPluginManager: Mounting plugin OnlineSubsystemUtils
LogPluginManager: Mounting plugin LauncherChunkInstaller
LogPluginManager: Mounting plugin AndroidDeviceProfileSelector
LogPluginManager: Mounting plugin AndroidMoviePlayer
LogPluginManager: Mounting plugin AndroidPermission
LogPluginManager: Mounting plugin AppleMoviePlayer
LogPluginManager: Mounting plugin ArchVisCharacter
LogPluginManager: Mounting plugin AudioCapture
LogPluginManager: Mounting plugin CableComponent
LogPluginManager: Mounting plugin CustomMeshComponent
LogPluginManager: Mounting plugin EditableMesh
LogPluginManager: Mounting plugin ExampleDeviceProfileSelector
LogPluginManager: Mounting plugin GoogleCloudMessaging
LogPluginManager: Mounting plugin ImmediatePhysics
LogPluginManager: Mounting plugin IOSDeviceProfileSelector
LogPluginManager: Mounting plugin LinuxDeviceProfileSelector
LogPluginManager: Mounting plugin LocationServicesBPLibrary
LogPluginManager: Mounting plugin MobilePatchingUtils
LogPluginManager: Mounting plugin OculusVR
LogPluginManager: Plugin shader directory ../../../Engine/Plugins/Runtime/Oculus/OculusVR/Shaders found
LogPluginManager: Mapping shader source directory ../../../Engine/Plugins/Runtime/Oculus/OculusVR/Shaders to virtual directory /Plugin/OculusVR
LogPluginManager: Mounting plugin PhysXVehicles
LogPluginManager: Mounting plugin ProceduralMeshComponent
LogPluginManager: Mounting plugin RuntimePhysXCooking
LogPluginManager: Mounting plugin SteamVR
LogPluginManager: Mounting plugin WindowsMoviePlayer
LogPluginManager: Mounting plugin XRmouse
LogPluginManager: Mounting plugin XRM_content
LogStreaming: Display: Took  0.089s to configure plugins.
LogInit: Using libcurl 7.55.1-DEV
LogInit:  - built for x86_64-pc-win32
LogInit:  - supports SSL with OpenSSL/1.0.2h
LogInit:  - supports HTTP deflate (compression) using libz 1.2.8
LogInit:  - other features:
LogInit:      CURL_VERSION_SSL
LogInit:      CURL_VERSION_LIBZ
LogInit:      CURL_VERSION_IPV6
LogInit:      CURL_VERSION_ASYNCHDNS
LogInit:      CURL_VERSION_LARGEFILE
LogInit:      CURL_VERSION_IDN
LogInit:  CurlRequestOptions (configurable via config and command line):
LogInit:  - bVerifyPeer = false  - Libcurl will NOT verify peer certificate
LogInit:  - bUseHttpProxy = false  - Libcurl will NOT use HTTP proxy
LogInit:  - bDontReuseConnections = false  - Libcurl will reuse connections
LogInit:  - CertBundlePath = nullptr  - Libcurl will use whatever was configured at build time.
LogInit:  - MaxHostConnections = 16  - Libcurl will limit the number of connections to a host
LogInit:  - LocalHostAddr = Default
LogInit:  - BufferSize = 65536
LogInit: WinSock: version 1.1 (2.2), MaxSocks=32767, MaxUdp=65467
LogInit: Build: ++UE4+Release-4.20-CL-4369336
LogInit: Engine Version: 4.20.3-4369336+++UE4+Release-4.20
LogInit: Compatible Engine Version: 4.20.0-4212847+++UE4+Release-4.20
LogInit: Net CL: 4212847
LogInit: OS: Windows 10 (), CPU: Intel(R) Core(TM) i7-7700 CPU @ 3.60GHz, GPU: NVIDIA GeForce GTX 1060 6GB
LogInit: Compiled (64-bit): Sep 17 2018 12:26:19
LogInit: Compiled with Visual C++: 19.13.26129.00
LogInit: Build Configuration: Development
LogInit: Branch Name: ++UE4+Release-4.20
LogInit: Command Line:  -skipcompile
LogInit: Base Directory: D:/Epic/Engine/UE_4.20/Engine/Binaries/Win64/
LogInit: Installed Engine Build: 1
LogDevObjectVersion: Number of dev versions registered: 20
LogDevObjectVersion:   Dev-Blueprints (B0D832E4-1F89-4F0D-ACCF-7EB736FD4AA2): 10
LogDevObjectVersion:   Dev-Build (E1C64328-A22C-4D53-A36C-8E866417BD8C): 0
LogDevObjectVersion:   Dev-Core (375EC13C-06E4-48FB-B500-84F0262A717E): 2
LogDevObjectVersion:   Dev-Editor (E4B068ED-F494-42E9-A231-DA0B2E46BB41): 24
LogDevObjectVersion:   Dev-Framework (CFFC743F-43B0-4480-9391-14DF171D2073): 34
LogDevObjectVersion:   Dev-Mobile (B02B49B5-BB20-44E9-A304-32B752E40360): 2
LogDevObjectVersion:   Dev-Networking (A4E4105C-59A1-49B5-A7C5-40C4547EDFEE): 0
LogDevObjectVersion:   Dev-Online (39C831C9-5AE6-47DC-9A44-9C173E1C8E7C): 0
LogDevObjectVersion:   Dev-Physics (78F01B33-EBEA-4F98-B9B4-84EACCB95AA2): 0
LogDevObjectVersion:   Dev-Platform (6631380F-2D4D-43E0-8009-CF276956A95A): 0
LogDevObjectVersion:   Dev-Rendering (12F88B9F-8875-4AFC-A67C-D90C383ABD29): 26
LogDevObjectVersion:   Dev-Sequencer (7B5AE74C-D270-4C10-A958-57980B212A5A): 9
LogDevObjectVersion:   Dev-VR (D7296918-1DD6-4BDD-9DE2-64A83CC13884): 2
LogDevObjectVersion:   Dev-LoadTimes (C2A15278-BFE7-4AFE-6C17-90FF531DF755): 1
LogDevObjectVersion:   Private-Geometry (6EACA3D4-40EC-4CC1-B786-8BED09428FC5): 3
LogDevObjectVersion:   Dev-AnimPhys (29E575DD-E0A3-4627-9D10-D276232CDCEA): 17
LogDevObjectVersion:   Dev-ReflectionCapture (6B266CEC-1EC7-4B8F-A30B-E4D90942FC07): 1
LogDevObjectVersion:   Dev-Automation (0DF73D61-A23F-47EA-B727-89E90C41499A): 1
LogDevObjectVersion:   FortniteMain (601D1886-AC64-4F84-AA16-D3DE0DEAC7D6): 12
LogDevObjectVersion:   Dev-Enterprise (9DFFBCD6-494F-0158-E221-12823C92A888): 1
LogStreaming: Display: Took  0.002s to delete old logs.
LogInit: Presizing for max 8388607 objects, including 0 objects not considered by GC, pre-allocating 0 bytes for permanent pool.
LogInit: Object subsystem initialized
[2018.11.07-17.34.43:712][  0]LogInit: Selected Device Profile: [Windows]
[2018.11.07-17.34.43:712][  0]LogInit: Applying CVar settings loaded from the selected device profile: [Windows]
[2018.11.07-17.34.43:725][  0]LogHAL: Display: Platform has ~ 16 GB [17105047552 / 17179869184 / 16], which maps to Larger [LargestMinGB=32, LargerMinGB=12, DefaultMinGB=8, SmallerMinGB=6, SmallestMinGB=0)
[2018.11.07-17.34.43:725][  0]LogInit: Setting Device Profile CVar: [[r.Vulkan.UseRealUBs:1]]
[2018.11.07-17.34.43:726][  0]LogInit: Going up to parent DeviceProfile []
[2018.11.07-17.34.43:726][  0]LogInit: Computer: DESKTOP-4NOSAII
[2018.11.07-17.34.43:726][  0]LogInit: User: KodamaCL
[2018.11.07-17.34.43:726][  0]LogInit: CPU Page size=4096, Cores=4
[2018.11.07-17.34.43:726][  0]LogInit: High frequency timer resolution =3.515625 MHz
[2018.11.07-17.34.43:726][  0]LogMemory: Memory total: Physical=15.9GB (16GB approx)
[2018.11.07-17.34.43:726][  0]LogMemory: Platform Memory Stats for Windows
[2018.11.07-17.34.43:727][  0]LogMemory: Process Physical Memory: 100.70 MB used, 100.70 MB peak
[2018.11.07-17.34.43:727][  0]LogMemory: Process Virtual Memory: 91.26 MB used, 91.26 MB peak
[2018.11.07-17.34.43:727][  0]LogMemory: Physical Memory: 9593.68 MB used,  6718.96 MB free, 16312.64 MB total
[2018.11.07-17.34.43:727][  0]LogMemory: Virtual Memory: 4641.12 MB used,  6718.96 MB free, 134217728.00 MB total
[2018.11.07-17.34.43:825][  0]LogInit: Using OS detected language (en-US).
[2018.11.07-17.34.43:825][  0]LogInit: Using OS detected locale (en-GB).
[2018.11.07-17.34.43:826][  0]LogTextLocalizationManager: No specific localization for 'en-US' exists, so the 'en' localization will be used.
[2018.11.07-17.34.44:146][  0]LogStreaming: Display: Took  0.321s to InitEngineTextLocalization.
[2018.11.07-17.34.44:146][  0]LogInit: Setting process to per monitor DPI aware
[2018.11.07-17.34.44:196][  0]LogSlate: New Slate User Created.  User Index 0, Is Virtual User: 0
[2018.11.07-17.34.44:196][  0]LogSlate: Slate User Registered.  User Index 0, Is Virtual User: 0
[2018.11.07-17.34.44:352][  0]LogHMD: Failed to initialize OpenVR with code 110
[2018.11.07-17.34.44:352][  0]LogD3D11RHI: D3D11 adapters:
[2018.11.07-17.34.44:428][  0]LogD3D11RHI:    0. 'NVIDIA GeForce GTX 1060 6GB' (Feature Level 11_0)
[2018.11.07-17.34.44:428][  0]LogD3D11RHI:       6061/0/8156 MB DedicatedVideo/DedicatedSystem/SharedSystem, Outputs:2, VendorId:0x10de
[2018.11.07-17.34.44:432][  0]LogD3D11RHI:    1. 'Microsoft Basic Render Driver' (Feature Level 11_0)
[2018.11.07-17.34.44:432][  0]LogD3D11RHI:       0/0/8156 MB DedicatedVideo/DedicatedSystem/SharedSystem, Outputs:0, VendorId:0x1414
[2018.11.07-17.34.44:432][  0]LogD3D11RHI: Chosen D3D11 Adapter: 0
[2018.11.07-17.34.44:440][  0]LogD3D11RHI: Creating new Direct3DDevice
[2018.11.07-17.34.44:440][  0]LogD3D11RHI:     GPU DeviceId: 0x1c03 (for the marketing name, search the web for "GPU Device Id")
[2018.11.07-17.34.44:440][  0]LogWindows: EnumDisplayDevices:
[2018.11.07-17.34.44:440][  0]LogWindows:    0. 'NVIDIA GeForce GTX 1060 6GB' (P:1 D:1)
[2018.11.07-17.34.44:440][  0]LogWindows:    1. 'NVIDIA GeForce GTX 1060 6GB' (P:0 D:1)
[2018.11.07-17.34.44:441][  0]LogWindows:    2. 'NVIDIA GeForce GTX 1060 6GB' (P:0 D:0)
[2018.11.07-17.34.44:441][  0]LogWindows:    3. 'NVIDIA GeForce GTX 1060 6GB' (P:0 D:0)
[2018.11.07-17.34.44:441][  0]LogWindows: DebugString: FoundDriverCount:4 
[2018.11.07-17.34.44:441][  0]LogD3D11RHI:     Adapter Name: NVIDIA GeForce GTX 1060 6GB
[2018.11.07-17.34.44:441][  0]LogD3D11RHI:   Driver Version: 388.13 (internal:23.21.13.8813, unified:388.13)
[2018.11.07-17.34.44:441][  0]LogD3D11RHI:      Driver Date: 10-27-2017
[2018.11.07-17.34.44:441][  0]LogRHI: Texture pool is 4242 MB (70% of 6061 MB)
[2018.11.07-17.34.44:467][  0]LogD3D11RHI: Async texture creation enabled
[2018.11.07-17.34.44:477][  0]LogD3D11RHI: GPU Timing Frequency: 1000.000000 (Debug: 2 1)
[2018.11.07-17.34.44:572][  0]LogShaderCompilers: Guid format shader working directory is -35 characters bigger than the processId version (../../../../../../_Kodama/Product/software/xrm_unreal_plugin/unreal_plugin/XRM_plugin/Intermediate/Shaders/WorkingDirectory/6524/).
[2018.11.07-17.34.44:572][  0]LogShaderCompilers: Cleaned the shader compiler working directory 'C:/Users/Kodama-CL/AppData/Local/Temp/UnrealShaderWorkingDir/2DB540F049E93972A83565A758409CEB/'.
[2018.11.07-17.34.44:781][  0]LogTemp: Display: Loaded TP AllDesktopTargetPlatform
[2018.11.07-17.34.44:795][  0]LogTemp: Display: Loaded TP MacClientTargetPlatform
[2018.11.07-17.34.44:810][  0]LogTemp: Display: Loaded TP MacNoEditorTargetPlatform
[2018.11.07-17.34.44:826][  0]LogTemp: Display: Loaded TP MacServerTargetPlatform
[2018.11.07-17.34.44:841][  0]LogTemp: Display: Loaded TP MacTargetPlatform
[2018.11.07-17.34.44:855][  0]LogTemp: Display: Loaded TP WindowsClientTargetPlatform
[2018.11.07-17.34.44:867][  0]LogTemp: Display: Loaded TP WindowsNoEditorTargetPlatform
[2018.11.07-17.34.44:881][  0]LogTemp: Display: Loaded TP WindowsServerTargetPlatform
[2018.11.07-17.34.44:889][  0]LogTemp: Display: Loaded TP WindowsTargetPlatform
[2018.11.07-17.34.44:964][  0]LogTemp: Display: Loaded TP AndroidTargetPlatform
[2018.11.07-17.34.44:964][  0]LogTemp: Display: Loaded TP AndroidTargetPlatform
[2018.11.07-17.34.44:964][  0]LogTemp: Display: Loaded TP AndroidTargetPlatform
[2018.11.07-17.34.44:964][  0]LogTemp: Display: Loaded TP AndroidTargetPlatform
[2018.11.07-17.34.44:964][  0]LogTemp: Display: Loaded TP AndroidTargetPlatform
[2018.11.07-17.34.44:964][  0]LogTemp: Display: Loaded TP AndroidTargetPlatform
[2018.11.07-17.34.44:964][  0]LogTemp: Display: Loaded TP AndroidTargetPlatform
[2018.11.07-17.34.44:964][  0]LogTemp: Display: Loaded TP AndroidTargetPlatform
[2018.11.07-17.34.44:964][  0]LogTemp: Display: Loaded TP AndroidTargetPlatform
[2018.11.07-17.34.44:965][  0]LogTemp: Display: Loaded TP AndroidTargetPlatform
[2018.11.07-17.34.44:965][  0]LogTemp: Display: Loaded TP AndroidTargetPlatform
[2018.11.07-17.34.44:965][  0]LogTemp: Display: Loaded TP AndroidTargetPlatform
[2018.11.07-17.34.44:965][  0]LogTemp: Display: Loaded TP AndroidTargetPlatform
[2018.11.07-17.34.44:965][  0]LogTemp: Display: Loaded TP AndroidTargetPlatform
[2018.11.07-17.34.44:965][  0]LogTemp: Display: Loaded TP AndroidTargetPlatform
[2018.11.07-17.34.44:965][  0]LogTemp: Display: Loaded TP AndroidTargetPlatform
[2018.11.07-17.34.44:965][  0]LogTemp: Display: Loaded TP AndroidTargetPlatform
[2018.11.07-17.34.44:965][  0]LogTemp: Display: Loaded TP AndroidTargetPlatform
[2018.11.07-17.34.44:967][  0]LogTemp: Display: Loaded TP HTML5TargetPlatform
[2018.11.07-17.34.45:035][  0]LogTemp: Display: Loaded TP IOSTargetPlatform
[2018.11.07-17.34.45:035][  0]LogTemp: Display: Loaded TP IOSTargetPlatform
[2018.11.07-17.34.45:063][  0]LogTemp: Display: Loaded TP TVOSTargetPlatform
[2018.11.07-17.34.45:063][  0]LogTemp: Display: Loaded TP TVOSTargetPlatform
[2018.11.07-17.34.45:076][  0]LogTemp: Display: Loaded TP LinuxClientTargetPlatform
[2018.11.07-17.34.45:091][  0]LogTemp: Display: Loaded TP LinuxNoEditorTargetPlatform
[2018.11.07-17.34.45:105][  0]LogTemp: Display: Loaded TP LinuxServerTargetPlatform
[2018.11.07-17.34.45:119][  0]LogTemp: Display: Loaded TP LinuxTargetPlatform
[2018.11.07-17.34.45:133][  0]LogTemp: Display: Loaded TP LuminTargetPlatform
[2018.11.07-17.34.45:133][  0]LogTargetPlatformManager: Display: Building Assets For Windows
[2018.11.07-17.34.45:237][  0]LogXGEController: Cleaning working directory: C:/Users/Kodama-CL/AppData/Local/Temp/UnrealXGEWorkingDir/
[2018.11.07-17.34.45:237][  0]LogXGEController: Cannot use XGE Controller as Incredibuild is not installed on this machine.
[2018.11.07-17.34.45:237][  0]LogShaderCompilers: Cannot use XGE Shader Compiler as Incredibuild is not installed on this machine.
[2018.11.07-17.34.45:237][  0]LogShaderCompilers: Display: Using Local Shader Compiler.
[2018.11.07-17.34.45:856][  0]LogDerivedDataCache: Display: Max Cache Size: 512 MB
[2018.11.07-17.34.45:914][  0]LogDerivedDataCache: Loaded boot cache 0.06s 71MB C:/Users/Kodama-CL/AppData/Local/UnrealEngine/4.20/DerivedDataCache/Boot.ddc.
[2018.11.07-17.34.45:915][  0]LogDerivedDataCache: Display: Loaded Boot cache: C:/Users/Kodama-CL/AppData/Local/UnrealEngine/4.20/DerivedDataCache/Boot.ddc
[2018.11.07-17.34.45:915][  0]LogDerivedDataCache: FDerivedDataBackendGraph:  Pak pak cache file ../../../../../../_Kodama/Product/software/xrm_unreal_plugin/unreal_plugin/XRM_plugin/DerivedDataCache/DDC.ddp not found, will not use a pak cache.
[2018.11.07-17.34.45:915][  0]LogDerivedDataCache: Unable to find inner node Pak for hierarchical cache Hierarchy.
[2018.11.07-17.34.45:915][  0]LogDerivedDataCache: FDerivedDataBackendGraph:  CompressedPak pak cache file ../../../../../../_Kodama/Product/software/xrm_unreal_plugin/unreal_plugin/XRM_plugin/DerivedDataCache/Compressed.ddp not found, will not use a pak cache.
[2018.11.07-17.34.45:915][  0]LogDerivedDataCache: Unable to find inner node CompressedPak for hierarchical cache Hierarchy.
[2018.11.07-17.34.45:927][  0]LogDerivedDataCache: Display: Pak cache opened for reading ../../../Engine/DerivedDataCache/Compressed.ddp.
[2018.11.07-17.34.45:940][  0]LogDerivedDataCache: Using Local data cache path C:/Users/Kodama-CL/AppData/Local/UnrealEngine/Common/DerivedDataCache: Writable
[2018.11.07-17.34.45:940][  0]LogDerivedDataCache: Shared data cache path not found in *engine.ini, will not use an Shared cache.
[2018.11.07-17.34.45:940][  0]LogDerivedDataCache: Unable to find inner node Shared for hierarchical cache Hierarchy.
[2018.11.07-17.34.45:961][  0]LogMaterial: Verifying Global Shaders for PCD3D_SM5
[2018.11.07-17.34.45:962][  0]LogSlate: Using FreeType 2.6.0
[2018.11.07-17.34.45:963][  0]LogSlate: SlateFontServices - WITH_FREETYPE: 1, WITH_HARFBUZZ: 1
[2018.11.07-17.34.46:031][  0]LogAssetRegistry: FAssetRegistry took 0.0283 seconds to start up
[2018.11.07-17.34.46:309][  0]LogInit: Selected Device Profile: [Windows]
[2018.11.07-17.34.46:445][  0]LogSimplygon: Simplygon DLL not present - disabling.
[2018.11.07-17.34.46:451][  0]LogMeshReduction: Using SimplygonSwarm for distributed automatic mesh merging
[2018.11.07-17.34.46:452][  0]LogMeshReduction: Using ProxyLODMeshReduction for automatic mesh merging
[2018.11.07-17.34.46:452][  0]LogMeshReduction: Using QuadricMeshReduction for automatic static mesh reduction
[2018.11.07-17.34.46:452][  0]LogMeshReduction: No automatic skeletal mesh reduction module available
[2018.11.07-17.34.46:467][  0]LogNetVersion: XRM_plugin 1.0.0, NetCL: 4212847, EngineNetVer: 5, GameNetVer: 0 (Checksum: 275222512)
[2018.11.07-17.34.46:892][  0]LogPackageLocalizationCache: Processed 13 localized package path(s) for 2 prioritized culture(s) in 0.119024 seconds
[2018.11.07-17.34.46:900][  0]LogUObjectArray: 38425 objects as part of root set at end of initial load.
[2018.11.07-17.34.46:900][  0]LogUObjectAllocator: 6690872 out of 0 bytes used by permanent object pool.
[2018.11.07-17.34.46:900][  0]LogUObjectArray: CloseDisregardForGC: 0/0 objects in disregard for GC pool
[2018.11.07-17.34.47:734][  0]LogTcpMessaging: Initializing TcpMessaging bridge
[2018.11.07-17.34.47:750][  0]LogUdpMessaging: Initializing bridge on interface 0.0.0.0:0 to multicast group 230.0.0.1:6666.
[2018.11.07-17.34.47:928][  0]SourceControl: Source control is disabled
[2018.11.07-17.34.47:928][  0]SourceControl: Source control is disabled
[2018.11.07-17.34.47:931][  0]SourceControl: Source control is disabled
[2018.11.07-17.34.47:934][  0]SourceControl: Source control is disabled
[2018.11.07-17.34.48:168][  0]LogAndroidPermission: UAndroidPermissionCallbackProxy::GetInstance
[2018.11.07-17.34.48:274][  0]LogOcInput: OculusInput pre-init called
[2018.11.07-17.34.48:335][  0]LogEngine: Initializing Engine...
[2018.11.07-17.34.48:335][  0]LogHMD: Failed to initialize OpenVR with code 110
[2018.11.07-17.34.48:336][  0]LogStats: UGameplayTagsManager::ConstructGameplayTagTree: ImportINI prefixes -  0.000 s
[2018.11.07-17.34.48:336][  0]LogStats: UGameplayTagsManager::ConstructGameplayTagTree: Construct from data asset -  0.000 s
[2018.11.07-17.34.48:337][  0]LogStats: UGameplayTagsManager::ConstructGameplayTagTree: ImportINI -  0.000 s
[2018.11.07-17.34.48:337][  0]LogStats: UGameplayTagsManager::ConstructGameplayTagTree: GameplayTagTreeChangedEvent.Broadcast -  0.000 s
[2018.11.07-17.34.48:511][  0]LogInit: Initializing FReadOnlyCVARCache
[2018.11.07-17.34.48:522][  0]LogAIModule: Creating AISystem for world Untitled
[2018.11.07-17.34.48:607][  0]LogInit: XAudio2 using 'Speakers (Realtek High Definition Audio)' : 2 channels at 48 kHz using 32 bits per sample (channel mask 0x3)
[2018.11.07-17.34.48:645][  0]LogInit: FAudioDevice initialized.
[2018.11.07-17.34.48:646][  0]LogNetVersion: Set ProjectVersion to 1.0.0.0. Version Checksum will be recalculated on next use.
[2018.11.07-17.34.48:715][  0]LogDerivedDataCache: Saved boot cache 0.07s 71MB C:/Users/Kodama-CL/AppData/Local/UnrealEngine/4.20/DerivedDataCache/Boot.ddc.
[2018.11.07-17.34.48:727][  0]LogInit: Texture streaming: Enabled
[2018.11.07-17.34.48:747][  0]LogEngineSessionManager: EngineSessionManager initialized
[2018.11.07-17.34.48:755][  0]LogInit: Transaction tracking system initialized
[2018.11.07-17.34.48:782][  0]BlueprintLog: New page: Editor Load
[2018.11.07-17.34.48:878][  0]LocalizationService: Localization service is disabled
[2018.11.07-17.34.49:109][  0]LogCook: Display: Max memory allowance for cook 16384mb min free memory 0mb
[2018.11.07-17.34.49:109][  0]LogCook: Display: Mobile HDR setting 1
[2018.11.07-17.34.49:110][  0]LogGameplayTags: Display: UGameplayTagsManager::DoneAddingNativeTags. DelegateIsBound: 0
[2018.11.07-17.34.49:110][  0]LogStats: UGameplayTagsManager::ConstructGameplayTagTree: ImportINI prefixes -  0.000 s
[2018.11.07-17.34.49:110][  0]LogStats: UGameplayTagsManager::ConstructGameplayTagTree: Construct from data asset -  0.000 s
[2018.11.07-17.34.49:110][  0]LogStats: UGameplayTagsManager::ConstructGameplayTagTree: ImportINI -  0.000 s
[2018.11.07-17.34.49:110][  0]LogStats: UGameplayTagsManager::ConstructGameplayTagTree: GameplayTagTreeChangedEvent.Broadcast -  0.000 s
[2018.11.07-17.34.49:249][  0]LogFileCache: Scanning file cache for directory 'D:/_Kodama/Product/software/xrm_unreal_plugin/unreal_plugin/XRM_plugin/Content/' took 0.01s
[2018.11.07-17.34.49:249][  0]SourceControl: Source control is disabled
[2018.11.07-17.34.49:250][  0]Cmd: MAP LOAD FILE="../../../../../../_Kodama/Product/software/xrm_unreal_plugin/unreal_plugin/XRM_plugin/Content/StarterContent/Maps/Minimal_Default.umap" TEMPLATE=0 SHOWPROGRESS=1 FEATURELEVEL=3
[2018.11.07-17.34.49:250][  0]LightingResults: New page: Lighting Build
[2018.11.07-17.34.49:252][  0]MapCheck: New page: Map Check
[2018.11.07-17.34.49:252][  0]LightingResults: New page: Lighting Build
[2018.11.07-17.34.49:544][  0]LogAIModule: Creating AISystem for world Minimal_Default
[2018.11.07-17.34.49:552][  0]LogEditorServer: Finished looking for orphan Actors (0.000 secs)
[2018.11.07-17.34.49:574][  0]Cmd: MAP CHECKDEP NOCLEARLOG
[2018.11.07-17.34.49:617][  0]MapCheck: Map check complete: 0 Error(s), 0 Warning(s), took 42.829ms to complete.
[2018.11.07-17.34.49:617][  0]LogFileHelpers: Loading map 'Minimal_Default' took 0.367
[2018.11.07-17.34.49:744][  0]LogSlate: Updating window title bar state: overlay mode, drag disabled, window buttons hidden, title bar hidden
[2018.11.07-17.34.49:752][  0]LogSlate: Updating window title bar state: overlay mode, drag disabled, window buttons hidden, title bar hidden
[2018.11.07-17.34.49:759][  0]LogSlate: Updating window title bar state: overlay mode, drag disabled, window buttons hidden, title bar hidden
[2018.11.07-17.34.49:767][  0]LogSlate: Updating window title bar state: overlay mode, drag disabled, window buttons hidden, title bar hidden
[2018.11.07-17.34.49:773][  0]LogCollectionManager: Loaded 0 collections in 0.000999 seconds
[2018.11.07-17.34.49:820][  0]LogFileCache: Scanning file cache for directory 'D:/_Kodama/Product/software/xrm_unreal_plugin/unreal_plugin/XRM_plugin/Saved/Collections/' took 0.01s
[2018.11.07-17.34.49:820][  0]LogFileCache: Scanning file cache for directory 'D:/_Kodama/Product/software/xrm_unreal_plugin/unreal_plugin/XRM_plugin/Content/Developers/KodamaCL/Collections/' took 0.01s
[2018.11.07-17.34.49:820][  0]LogFileCache: Scanning file cache for directory 'D:/_Kodama/Product/software/xrm_unreal_plugin/unreal_plugin/XRM_plugin/Content/Collections/' took 0.01s
[2018.11.07-17.34.49:820][  0]LogCollectionManager: Rebuilt the GUID cache for 0 collections in 0.000001 seconds
[2018.11.07-17.34.49:828][  0]LogContentBrowser: Native class hierarchy populated in 0.0079 seconds. Added 2576 classes and 610 folders.
[2018.11.07-17.34.49:832][  0]LogContentBrowser: Native class hierarchy updated for 'WidgetCarousel' in 0.0003 seconds. Added 0 classes and 0 folders.
[2018.11.07-17.34.49:859][  0]LogContentBrowser: Native class hierarchy updated for 'AddContentDialog' in 0.0003 seconds. Added 0 classes and 0 folders.
[2018.11.07-17.34.49:865][  0]LogContentBrowser: Native class hierarchy updated for 'SceneOutliner' in 0.0004 seconds. Added 1 classes and 2 folders.
[2018.11.07-17.34.49:879][  0]LogSlate: Took 0.000225 seconds to synchronously load lazily loaded font '../../../Engine/Content/Slate/Fonts/Roboto-Regular.ttf' (155K)
[2018.11.07-17.34.49:881][  0]LogSlate: Took 0.000151 seconds to synchronously load lazily loaded font '../../../Engine/Content/Slate/Fonts/Roboto-Bold.ttf' (160K)
[2018.11.07-17.34.49:886][  0]LogSlate: Took 0.000191 seconds to synchronously load lazily loaded font '../../../Engine/Content/Editor/Slate/Fonts/FontAwesome.ttf' (139K)
[2018.11.07-17.34.49:886][  0]LogSlate: Took 0.000113 seconds to synchronously load lazily loaded font '../../../Engine/Content/Slate/Fonts/DroidSansMono.ttf' (77K)
[2018.11.07-17.34.49:976][  0]LogRenderer: Reallocating scene render targets to support 1456x524 Format 10 NumSamples 1 (Frame:1).
[2018.11.07-17.34.50:112][  0]LogContentBrowser: Native class hierarchy updated for 'HierarchicalLODOutliner' in 0.0005 seconds. Added 0 classes and 0 folders.
[2018.11.07-17.34.50:113][  0]LogLoad: (Engine Initialization) Total time: 8.03 seconds
[2018.11.07-17.34.50:113][  0]LogLoad: (Engine Initialization) Total Blueprint compile time: 0.00 seconds
[2018.11.07-17.34.50:123][  0]LogWindowsTextInputMethodSystem: Display: IME system now deactivated.
[2018.11.07-17.34.50:142][  0]LogAssetRegistry: Asset discovery search completed in 4.1346 seconds
[2018.11.07-17.34.50:145][  0]LogCollectionManager: Rebuilt the object cache for 0 collections in 0.000000 seconds (found 0 objects)
[2018.11.07-17.34.50:145][  0]LogCollectionManager: Fixed up redirectors for 0 collections in 0.000306 seconds (updated 0 objects)
[2018.11.07-17.34.50:149][  0]LogContentStreaming: Texture pool size now 1000 MB
[2018.11.07-17.34.53:708][420]LogSlate: FSceneViewport::OnFocusLost() reason 0
[2018.11.07-17.34.53:825][434]LogTemp: Repeating last play command: Selected Viewport
[2018.11.07-17.34.53:838][434]LogBlueprintUserMessages: Early PlayInEditor Detection: Level '/Game/StarterContent/Maps/Minimal_Default.Minimal_Default:PersistentLevel' has LevelScriptBlueprint '/Game/StarterContent/Maps/Minimal_Default.Minimal_Default:PersistentLevel.Minimal_Default' with GeneratedClass '/Game/StarterContent/Maps/Minimal_Default.Minimal_Default_C' with ClassGeneratedBy '/Game/StarterContent/Maps/Minimal_Default.Minimal_Default:PersistentLevel.Minimal_Default'
[2018.11.07-17.34.53:839][434]LogPlayLevel: PlayLevel: No blueprints needed recompiling
[2018.11.07-17.34.53:853][434]PIE: New page: PIE session: Minimal_Default (7 Nov 2018 17:34:53)
[2018.11.07-17.34.53:854][434]LogPlayLevel: Creating play world package: /Game/StarterContent/Maps/UEDPIE_0_Minimal_Default
[2018.11.07-17.34.53:857][434]LogPlayLevel: PIE: StaticDuplicateObject took: (0.003276s)
[2018.11.07-17.34.53:858][434]LogAIModule: Creating AISystem for world Minimal_Default
[2018.11.07-17.34.53:859][434]LogPlayLevel: PIE: World Init took: (0.001172s)
[2018.11.07-17.34.53:859][434]LogPlayLevel: PIE: Created PIE world by copying editor world from /Game/StarterContent/Maps/Minimal_Default.Minimal_Default to /Game/StarterContent/Maps/UEDPIE_0_Minimal_Default.Minimal_Default (0.005212s)
[2018.11.07-17.34.53:894][434]LogInit: XAudio2 using 'Speakers (Realtek High Definition Audio)' : 2 channels at 48 kHz using 32 bits per sample (channel mask 0x3)
[2018.11.07-17.34.53:908][434]LogInit: FAudioDevice initialized.
[2018.11.07-17.34.53:956][434]LogUObjectGlobals: Warning: Failed to find object 'Class /Script/XRM_plugin.XRM_pluginGameMode'
[2018.11.07-17.34.53:956][434]LogLoad: Game class is 'GameModeBase'
[2018.11.07-17.34.53:958][434]LogWorld: Bringing World /Game/StarterContent/Maps/UEDPIE_0_Minimal_Default.Minimal_Default up for play (max tick rate 0) at 2018.11.07-17.34.53
[2018.11.07-17.34.53:958][434]LogWorld: Bringing up level for play took: 0.001180
[2018.11.07-17.34.53:974][434]LogContentBrowser: Native class hierarchy updated for 'MovieSceneCapture' in 0.0005 seconds. Added 10 classes and 0 folders.
[2018.11.07-17.34.53:975][434]LogTemp: Error: Initial Location is: 0
[2018.11.07-17.34.53:981][434]LogTemp: Error: XR-mouse was found with VID & PID, trying ot get associated COM port...
[2018.11.07-17.34.53:982][434]LogTemp: Error: Friendly name is  Silicon Labs CP210x USB to UART Bridge (COM22)
[2018.11.07-17.34.53:983][434]LogTemp: Error: port COM1 exists
[2018.11.07-17.34.54:160][434]LogTemp: Error: port \\.\COM22 exists
[2018.11.07-17.34.54:161][434]LogTemp: Error: checking list with port: COM1
[2018.11.07-17.34.54:161][434]LogTemp: Error: checking list with port: COM22
[2018.11.07-17.34.54:161][434]LogTemp: Error: Successfully found port  22
[2018.11.07-17.34.54:164][434]LogTemp: Error: port setup successful
[2018.11.07-17.34.54:165][434]PIE: Play in editor start time for /Game/StarterContent/Maps/UEDPIE_0_Minimal_Default -0.596
[2018.11.07-17.34.54:165][434]LogBlueprintUserMessages: Late PlayInEditor Detection: Level '/Game/StarterContent/Maps/Minimal_Default.Minimal_Default:PersistentLevel' has LevelScriptBlueprint '/Game/StarterContent/Maps/Minimal_Default.Minimal_Default:PersistentLevel.Minimal_Default' with GeneratedClass '/Game/StarterContent/Maps/Minimal_Default.Minimal_Default_C' with ClassGeneratedBy '/Game/StarterContent/Maps/Minimal_Default.Minimal_Default:PersistentLevel.Minimal_Default'
[2018.11.07-17.34.54:167][434]LogTemp: byte is: 4.
[2018.11.07-17.34.54:167][434]LogTemp: Error: sent 1 bytes
[2018.11.07-17.34.54:167][434]LogTemp: Error: sent 2 bytes
[2018.11.07-17.34.54:219][435]LogTemp: Error: sent 2 bytes
[2018.11.07-17.34.54:220][435]LogTemp: success
[2018.11.07-17.34.54:235][436]LogTemp: Error: sent 2 bytes
[2018.11.07-17.34.54:243][437]LogTemp: success
[2018.11.07-17.34.54:251][438]LogTemp: Error: sent 2 bytes
[2018.11.07-17.34.54:277][441]LogTemp: success
[2018.11.07-17.34.54:285][442]LogTemp: Error: sent 2 bytes
[2018.11.07-17.34.54:310][445]LogTemp: success
[2018.11.07-17.34.54:318][446]LogTemp: Error: sent 2 bytes
[2018.11.07-17.34.54:343][449]LogTemp: success
[2018.11.07-17.34.54:351][450]LogTemp: Error: sent 2 bytes
[2018.11.07-17.34.54:377][453]LogTemp: success
[2018.11.07-17.34.54:385][454]LogTemp: Error: sent 2 bytes
[2018.11.07-17.34.54:410][457]LogTemp: success
[2018.11.07-17.34.54:418][458]LogTemp: Error: sent 2 bytes
[2018.11.07-17.34.54:443][461]LogTemp: success
[2018.11.07-17.34.54:452][462]LogTemp: Error: sent 2 bytes
[2018.11.07-17.34.54:476][465]LogTemp: success
[2018.11.07-17.34.54:484][466]LogTemp: Error: sent 2 bytes
[2018.11.07-17.34.54:509][469]LogTemp: success
[2018.11.07-17.34.54:518][470]LogTemp: Error: sent 2 bytes
[2018.11.07-17.34.54:543][473]LogTemp: success
[2018.11.07-17.34.54:551][474]LogTemp: Error: sent 2 bytes
[2018.11.07-17.34.54:576][477]LogTemp: success
[2018.11.07-17.34.54:584][478]LogTemp: Error: sent 2 bytes
[2018.11.07-17.34.54:610][481]LogTemp: success
[2018.11.07-17.34.56:601][482]LogOutputDevice: Error: Ensure condition failed: Y != 0 [File:D:\Build\++UE4\Sync\Engine\Source\Runtime\Core\Private\GenericPlatform\GenericPlatformMath.cpp] [Line: 81] 
FMath::FMod(X=-78039973888.000000, Y=0.000000) : Y is zero, this is invalid and would result in NaN!

[2018.11.07-17.34.56:601][482]LogStats:             FDebug::EnsureFailed -  0.000 s
[2018.11.07-17.34.56:608][482]LogTemp: Error: sent 2 bytes
[2018.11.07-17.34.56:943][483]LogTemp: success
[2018.11.07-17.34.57:277][484]LogTemp: Error: sent 2 bytes
[2018.11.07-17.34.57:606][485]LogTemp: success
[2018.11.07-17.34.57:613][486]LogTemp: Error: sent 2 bytes
[2018.11.07-17.34.57:638][489]LogTemp: success
[2018.11.07-17.34.57:646][490]LogTemp: Error: sent 2 bytes
[2018.11.07-17.34.57:671][493]LogTemp: success
[2018.11.07-17.34.57:679][494]LogTemp: Error: sent 2 bytes
[2018.11.07-17.34.57:704][497]LogTemp: success
[2018.11.07-17.34.57:713][498]LogTemp: Error: sent 2 bytes
[2018.11.07-17.34.57:738][501]LogTemp: success
[2018.11.07-17.34.57:746][502]LogTemp: Error: sent 2 bytes
[2018.11.07-17.34.57:770][505]LogTemp: success
[2018.11.07-17.34.57:779][506]LogTemp: Error: sent 2 bytes
[2018.11.07-17.34.57:804][509]LogTemp: success
[2018.11.07-17.34.57:812][510]LogTemp: Error: sent 2 bytes
[2018.11.07-17.34.57:837][513]LogTemp: success
[2018.11.07-17.34.57:846][514]LogTemp: Error: sent 2 bytes
[2018.11.07-17.34.57:871][517]LogTemp: success
[2018.11.07-17.34.57:879][518]LogTemp: Error: sent 2 bytes
[2018.11.07-17.34.57:904][521]LogTemp: success
[2018.11.07-17.34.57:912][522]LogTemp: Error: sent 2 bytes
[2018.11.07-17.34.57:938][525]LogTemp: success
[2018.11.07-17.34.57:946][526]LogTemp: Error: sent 2 bytes
[2018.11.07-17.34.57:971][529]LogTemp: success
[2018.11.07-17.34.57:979][530]LogTemp: Error: sent 2 bytes
[2018.11.07-17.34.58:004][533]LogTemp: success
[2018.11.07-17.34.58:013][534]LogTemp: Error: sent 2 bytes
[2018.11.07-17.34.58:038][537]LogTemp: success
[2018.11.07-17.34.58:046][538]LogTemp: Error: sent 2 bytes
[2018.11.07-17.34.58:072][541]LogTemp: success
[2018.11.07-17.34.58:080][542]LogTemp: Error: sent 2 bytes
[2018.11.07-17.34.58:105][545]LogTemp: success
[2018.11.07-17.34.58:113][546]LogTemp: Error: sent 2 bytes
[2018.11.07-17.34.58:137][549]LogTemp: success
[2018.11.07-17.34.58:145][550]LogTemp: Error: sent 2 bytes
[2018.11.07-17.34.58:171][553]LogTemp: success
[2018.11.07-17.34.58:179][554]LogTemp: Error: sent 2 bytes
[2018.11.07-17.34.58:204][557]LogTemp: success
[2018.11.07-17.34.58:212][558]LogTemp: Error: sent 2 bytes
[2018.11.07-17.34.58:237][561]LogTemp: success
[2018.11.07-17.34.58:246][562]LogTemp: Error: sent 2 bytes
[2018.11.07-17.34.58:271][565]LogTemp: success
[2018.11.07-17.34.58:279][566]LogTemp: Error: sent 2 bytes
[2018.11.07-17.34.58:304][569]LogTemp: success
[2018.11.07-17.34.58:313][570]LogTemp: Error: sent 2 bytes
[2018.11.07-17.34.58:338][573]LogTemp: success
[2018.11.07-17.34.58:346][574]LogTemp: Error: sent 2 bytes
[2018.11.07-17.34.58:371][577]LogTemp: success
[2018.11.07-17.34.58:379][578]LogTemp: Error: sent 2 bytes
[2018.11.07-17.34.58:404][581]LogTemp: success
[2018.11.07-17.34.58:413][582]LogTemp: Error: sent 2 bytes
[2018.11.07-17.34.58:439][585]LogTemp: success
[2018.11.07-17.34.58:446][586]LogTemp: Error: sent 2 bytes
[2018.11.07-17.34.58:472][589]LogTemp: success
[2018.11.07-17.34.58:480][590]LogTemp: Error: sent 2 bytes
[2018.11.07-17.34.58:505][593]LogTemp: success
[2018.11.07-17.34.58:512][594]LogTemp: Error: sent 2 bytes
[2018.11.07-17.34.58:537][597]LogTemp: success
[2018.11.07-17.34.58:546][598]LogTemp: Error: sent 2 bytes
[2018.11.07-17.34.58:571][601]LogTemp: success
[2018.11.07-17.34.58:579][602]LogTemp: Error: sent 2 bytes
[2018.11.07-17.34.58:604][605]LogTemp: success
[2018.11.07-17.34.58:612][606]LogTemp: Error: sent 2 bytes
[2018.11.07-17.34.58:638][609]LogTemp: success
[2018.11.07-17.34.58:646][610]LogTemp: Error: sent 2 bytes
[2018.11.07-17.34.58:672][613]LogTemp: success
[2018.11.07-17.34.58:679][614]LogTemp: Error: sent 2 bytes
[2018.11.07-17.34.58:705][617]LogTemp: success
[2018.11.07-17.34.58:713][618]LogTemp: Error: sent 2 bytes
[2018.11.07-17.34.58:738][621]LogTemp: success
[2018.11.07-17.34.58:746][622]LogTemp: Error: sent 2 bytes
[2018.11.07-17.34.58:771][625]LogTemp: success
[2018.11.07-17.34.58:779][626]LogTemp: Error: sent 2 bytes
[2018.11.07-17.34.58:805][629]LogTemp: success
[2018.11.07-17.34.58:813][630]LogTemp: Error: sent 2 bytes
[2018.11.07-17.34.58:838][633]LogTemp: success
[2018.11.07-17.34.58:846][634]LogTemp: Error: sent 2 bytes
[2018.11.07-17.34.58:871][637]LogTemp: success
[2018.11.07-17.34.58:879][638]LogTemp: Error: sent 2 bytes
